<?xml version="1.0" encoding="UTF-8"?>
<testng-results skipped="0" failed="0" total="1" passed="1">
  <reporter-output>
  </reporter-output>
  <suite name="Suite" duration-ms="73295" started-at="2015-12-08T12:04:01Z" finished-at="2015-12-08T12:05:14Z">
    <groups>
    </groups>
    <test name="Test" duration-ms="73295" started-at="2015-12-08T12:04:01Z" finished-at="2015-12-08T12:05:14Z">
      <class name="Main.PageObjectModelTest">
        <test-method status="PASS" signature="setUp()[pri:0, instance:Main.PageObjectModelTest@6b1fff2b]" name="setUp" is-config="true" duration-ms="12049" started-at="2015-12-08T12:04:01Z" finished-at="2015-12-08T12:04:13Z">
          <reporter-output>
          </reporter-output>
        </test-method> <!-- setUp -->
        <test-method status="PASS" signature="test1()[pri:0, instance:Main.PageObjectModelTest@6b1fff2b]" name="test1" duration-ms="60510" started-at="2015-12-08T12:04:13Z" finished-at="2015-12-08T12:05:14Z">
          <reporter-output>
          </reporter-output>
        </test-method> <!-- test1 -->
        <test-method status="PASS" signature="tearDown()[pri:0, instance:Main.PageObjectModelTest@6b1fff2b]" name="tearDown" is-config="true" duration-ms="720" started-at="2015-12-08T12:05:14Z" finished-at="2015-12-08T12:05:14Z">
          <reporter-output>
          </reporter-output>
        </test-method> <!-- tearDown -->
      </class> <!-- Main.PageObjectModelTest -->
    </test> <!-- Test -->
  </suite> <!-- Suite -->
</testng-results>
